<?xml version="1.0" encoding="UTF-8"?>
<!-- Generated by org.testng.reporters.JUnitXMLReporter -->
<testsuite ignored="0" hostname="DESKTOP-GV9BDI0" failures="1" tests="14" name="Test" time="1.704" errors="0" timestamp="2021-12-20T00:47:28 EST">
  <testcase classname="mavenProject2021.DependsOn" name="@BeforeMethod sum" time="0.006">
    <failure type="java.lang.IllegalStateException" message="The driver executable does not exist: C:\Users\imran\Downloads\96 zip new\chromedriver.exe">
      <![CDATA[java.lang.IllegalStateException: The driver executable does not exist: C:\Users\imran\Downloads\96 zip new\chromedriver.exe
at com.google.common.base.Preconditions.checkState(Preconditions.java:585)
at org.openqa.selenium.remote.service.DriverService.checkExecutable(DriverService.java:146)
at org.openqa.selenium.remote.service.DriverService.findExecutable(DriverService.java:141)
at org.openqa.selenium.chrome.ChromeDriverService.access$000(ChromeDriverService.java:35)
at org.openqa.selenium.chrome.ChromeDriverService$Builder.findDefaultExecutable(ChromeDriverService.java:159)
at org.openqa.selenium.remote.service.DriverService$Builder.build(DriverService.java:355)
at org.openqa.selenium.chrome.ChromeDriverService.createDefaultService(ChromeDriverService.java:94)
at org.openqa.selenium.chrome.ChromeDriver.<init>(ChromeDriver.java:123)
at mavenProject2021.DependsOn.sum(DependsOn.java:17)
at java.base/java.util.ArrayList.forEach(ArrayList.java:1511)
... Removed 31 stack frames]]>
    </failure>
  </testcase> <!-- @BeforeMethod sum -->
  <testcase classname="mavenProject2021.DependsOn" name="@AfterMethod dismiss" time="-1.639979248694E9">
    <skipped/>
  </testcase> <!-- @AfterMethod dismiss -->
  <testcase classname="mavenProject2021.DependsOn" name="@BeforeMethod sum" time="-1.639979248696E9">
    <skipped/>
  </testcase> <!-- @BeforeMethod sum -->
  <testcase classname="mavenProject2021.DependsOn" name="@AfterMethod dismiss" time="-1.639979248705E9">
    <skipped/>
  </testcase> <!-- @AfterMethod dismiss -->
  <testcase classname="mavenProject2021.DependsOn" name="@BeforeMethod sum" time="-1.639979248708E9">
    <skipped/>
  </testcase> <!-- @BeforeMethod sum -->
  <testcase classname="mavenProject2021.DependsOn" name="@AfterMethod dismiss" time="-1.639979248715E9">
    <skipped/>
  </testcase> <!-- @AfterMethod dismiss -->
  <testcase classname="mavenProject2021.NorthBay" name="@BeforeMethod BeforMethod" time="0.008">
    <failure type="java.lang.IllegalStateException" message="The driver executable does not exist: C:\Users\imran\Downloads\96 zip new\chromedriver.exe">
      <![CDATA[java.lang.IllegalStateException: The driver executable does not exist: C:\Users\imran\Downloads\96 zip new\chromedriver.exe
at com.google.common.base.Preconditions.checkState(Preconditions.java:585)
at org.openqa.selenium.remote.service.DriverService.checkExecutable(DriverService.java:146)
at org.openqa.selenium.remote.service.DriverService.findExecutable(DriverService.java:141)
at org.openqa.selenium.chrome.ChromeDriverService.access$000(ChromeDriverService.java:35)
at org.openqa.selenium.chrome.ChromeDriverService$Builder.findDefaultExecutable(ChromeDriverService.java:159)
at org.openqa.selenium.remote.service.DriverService$Builder.build(DriverService.java:355)
at org.openqa.selenium.chrome.ChromeDriverService.createDefaultService(ChromeDriverService.java:94)
at org.openqa.selenium.chrome.ChromeDriver.<init>(ChromeDriver.java:123)
at mavenProject2021.NorthBay.BeforMethod(NorthBay.java:19)
at java.base/java.util.ArrayList.forEach(ArrayList.java:1511)
... Removed 31 stack frames]]>
    </failure>
  </testcase> <!-- @BeforeMethod BeforMethod -->
  <testcase classname="mavenProject2021.NorthBay" name="@AfterMethod aftermethod" time="-1.639979248766E9">
    <skipped/>
  </testcase> <!-- @AfterMethod aftermethod -->
  <testcase classname="mavenProject2021.NorthBay" name="@BeforeMethod BeforMethod" time="-1.639979248767E9">
    <skipped/>
  </testcase> <!-- @BeforeMethod BeforMethod -->
  <testcase classname="mavenProject2021.NorthBay" name="@AfterMethod aftermethod" time="-1.639979248778E9">
    <skipped/>
  </testcase> <!-- @AfterMethod aftermethod -->
  <testcase classname="mavenProject2021.NorthBay" name="@BeforeMethod BeforMethod" time="-1.639979248785E9">
    <skipped/>
  </testcase> <!-- @BeforeMethod BeforMethod -->
  <testcase classname="mavenProject2021.NorthBay" name="@AfterMethod aftermethod" time="-1.639979248797E9">
    <skipped/>
  </testcase> <!-- @AfterMethod aftermethod -->
  <testcase classname="mavenProject2021.NorthBay" name="@BeforeMethod BeforMethod" time="-1.639979248799E9">
    <skipped/>
  </testcase> <!-- @BeforeMethod BeforMethod -->
  <testcase classname="mavenProject2021.NorthBay" name="@AfterMethod aftermethod" time="-1.639979248804E9">
    <skipped/>
  </testcase> <!-- @AfterMethod aftermethod -->
  <testcase classname="mavenProject2021.NorthBay" name="@BeforeMethod BeforMethod" time="-1.639979248809E9">
    <skipped/>
  </testcase> <!-- @BeforeMethod BeforMethod -->
  <testcase classname="mavenProject2021.NorthBay" name="@AfterMethod aftermethod" time="-1.639979248815E9">
    <skipped/>
  </testcase> <!-- @AfterMethod aftermethod -->
  <testcase classname="com.abc.pageElement.GooglePage" name="T" time="0.047">
    <failure type="org.openqa.selenium.NoSuchElementException" message="no such element: Unable to locate element: {&amp;quot;method&amp;quot;:&amp;quot;xpath&amp;quot;,&amp;quot;selector&amp;quot;:&amp;quot;//a[text()=&amp;apos;Sign in&amp;apos;]&amp;quot;}
  (Session info: chrome=96.0.4664.110)
For documentation on this error, please visit: https://www.seleniumhq.org/exceptions/no_such_element.html
Build info: version: &amp;apos;3.141.59&amp;apos;, revision: &amp;apos;e82be7d358&amp;apos;, time: &amp;apos;2018-11-14T08:17:03&amp;apos;
System info: host: &amp;apos;DESKTOP-GV9BDI0&amp;apos;, ip: &amp;apos;192.168.1.58&amp;apos;, os.name: &amp;apos;Windows 10&amp;apos;, os.arch: &amp;apos;amd64&amp;apos;, os.version: &amp;apos;10.0&amp;apos;, java.version: &amp;apos;16.0.2&amp;apos;
Driver info: org.openqa.selenium.chrome.ChromeDriver
Capabilities {acceptInsecureCerts: false, browserName: chrome, browserVersion: 96.0.4664.110, chrome: {chromedriverVersion: 96.0.4664.45 (76e4c1bb2ab46..., userDataDir: C:\Users\imran\AppData\Loca...}, goog:chromeOptions: {debuggerAddress: localhost:62107}, javascriptEnabled: true, networkConnectionEnabled: false, pageLoadStrategy: normal, platform: WINDOWS, platformName: WINDOWS, proxy: Proxy(), setWindowRect: true, strictFileInteractability: false, timeouts: {implicit: 0, pageLoad: 300000, script: 30000}, unhandledPromptBehavior: dismiss and notify, webauthn:extension:credBlob: true, webauthn:extension:largeBlob: true, webauthn:virtualAuthenticators: true}
Session ID: ea26b826dabac966266ca8efd41f2f39
*** Element info: {Using=xpath, value=//a[text()=&amp;apos;Sign in&amp;apos;]}">
      <![CDATA[org.openqa.selenium.NoSuchElementException: no such element: Unable to locate element: {"method":"xpath","selector":"//a[text()='Sign in']"}
  (Session info: chrome=96.0.4664.110)
For documentation on this error, please visit: https://www.seleniumhq.org/exceptions/no_such_element.html
Build info: version: '3.141.59', revision: 'e82be7d358', time: '2018-11-14T08:17:03'
System info: host: 'DESKTOP-GV9BDI0', ip: '192.168.1.58', os.name: 'Windows 10', os.arch: 'amd64', os.version: '10.0', java.version: '16.0.2'
Driver info: org.openqa.selenium.chrome.ChromeDriver
Capabilities {acceptInsecureCerts: false, browserName: chrome, browserVersion: 96.0.4664.110, chrome: {chromedriverVersion: 96.0.4664.45 (76e4c1bb2ab46..., userDataDir: C:\Users\imran\AppData\Loca...}, goog:chromeOptions: {debuggerAddress: localhost:62107}, javascriptEnabled: true, networkConnectionEnabled: false, pageLoadStrategy: normal, platform: WINDOWS, platformName: WINDOWS, proxy: Proxy(), setWindowRect: true, strictFileInteractability: false, timeouts: {implicit: 0, pageLoad: 300000, script: 30000}, unhandledPromptBehavior: dismiss and notify, webauthn:extension:credBlob: true, webauthn:extension:largeBlob: true, webauthn:virtualAuthenticators: true}
Session ID: ea26b826dabac966266ca8efd41f2f39
*** Element info: {Using=xpath, value=//a[text()='Sign in']}
at org.openqa.selenium.remote.http.W3CHttpResponseCodec.createException(W3CHttpResponseCodec.java:187)
at org.openqa.selenium.remote.http.W3CHttpResponseCodec.decode(W3CHttpResponseCodec.java:122)
at org.openqa.selenium.remote.http.W3CHttpResponseCodec.decode(W3CHttpResponseCodec.java:49)
at org.openqa.selenium.remote.HttpCommandExecutor.execute(HttpCommandExecutor.java:158)
at org.openqa.selenium.remote.service.DriverCommandExecutor.execute(DriverCommandExecutor.java:83)
at org.openqa.selenium.remote.RemoteWebDriver.execute(RemoteWebDriver.java:552)
at org.openqa.selenium.remote.RemoteWebDriver.findElement(RemoteWebDriver.java:323)
at org.openqa.selenium.remote.RemoteWebDriver.findElementByXPath(RemoteWebDriver.java:428)
at org.openqa.selenium.By$ByXPath.findElement(By.java:353)
at org.openqa.selenium.remote.RemoteWebDriver.findElement(RemoteWebDriver.java:315)
at org.openqa.selenium.support.pagefactory.DefaultElementLocator.findElement(DefaultElementLocator.java:69)
at org.openqa.selenium.support.pagefactory.internal.LocatingElementHandler.invoke(LocatingElementHandler.java:38)
at jdk.proxy2/jdk.proxy2.$Proxy14.click(Unknown Source)
at pageAction.HomeActions.clickOnsignIn(HomeActions.java:15)
at com.abc.pageElement.GooglePage.T(GooglePage.java:26)
at java.base/java.util.ArrayList.forEach(ArrayList.java:1511)
... Removed 32 stack frames]]>
    </failure>
  </testcase> <!-- T -->
  <testcase classname="mavenProject2021.AnnotationsSolving" name="display" time="0.001"/>
  <testcase classname="mavenProject2021.AnnotationsSolving" name="sum" time="0.002"/>
  <testcase classname="mavenProject2021.DependsOn" name="d" time="0.0">
    <skipped/>
  </testcase> <!-- d -->
  <testcase classname="mavenProject2021.DependsOn" name="d" time="0.0">
    <skipped/>
  </testcase> <!-- d -->
  <testcase classname="mavenProject2021.DependsOn" name="d" time="0.0">
    <skipped/>
  </testcase> <!-- d -->
  <testcase classname="mavenProject2021.DependsOn" name="A" time="0.0">
    <skipped/>
  </testcase> <!-- A -->
  <testcase classname="mavenProject2021.DependsOn" name="B" time="0.0">
    <skipped/>
  </testcase> <!-- B -->
  <testcase classname="mavenProject2021.DependsOn" name="C" time="0.0">
    <skipped/>
  </testcase> <!-- C -->
  <testcase classname="mavenProject2021.NorthBay" name="signinTest" time="0.0">
    <skipped/>
  </testcase> <!-- signinTest -->
  <testcase classname="mavenProject2021.NorthBay" name="signinTest" time="0.0">
    <skipped/>
  </testcase> <!-- signinTest -->
  <testcase classname="mavenProject2021.NorthBay" name="signinTest" time="0.0">
    <skipped/>
  </testcase> <!-- signinTest -->
  <testcase classname="mavenProject2021.NorthBay" name="signinTest" time="0.0">
    <skipped/>
  </testcase> <!-- signinTest -->
  <testcase classname="mavenProject2021.NorthBay" name="signinTest" time="0.0">
    <skipped/>
  </testcase> <!-- signinTest -->
</testsuite> <!-- Test -->
